<?xml version="1.0" encoding="UTF-8"?>
<!-- Generated by org.testng.reporters.JUnitReportReporter -->
<testsuite hostname="petman" failures="0" tests="1" name="site.ycsb.measurements.exporter.TestMeasurementsExporter" time="0.106" errors="0" timestamp="21 Sep 2021 08:29:48 GMT">
  <testcase classname="site.ycsb.measurements.exporter.TestMeasurementsExporter" name="testJSONArrayMeasurementsExporter" time="0.106"/>
</testsuite>
