<?xml version="1.0" encoding="UTF-8"?>
<!-- Generated by org.testng.reporters.JUnitReportReporter -->
<testsuite hostname="petman" failures="0" tests="1" name="site.ycsb.generator.AcknowledgedCounterGeneratorTest" time="0.381" errors="0" timestamp="21 Sep 2021 08:29:48 GMT">
  <testcase classname="site.ycsb.generator.AcknowledgedCounterGeneratorTest" name="testIncrementPastIntegerMaxValue" time="0.381"/>
</testsuite>
