<?xml version="1.0" encoding="UTF-8"?>
<!-- Generated by org.testng.reporters.JUnitReportReporter -->
<testsuite hostname="petman" failures="0" tests="2" name="site.ycsb.TestNumericByteIterator" time="0.001" errors="0" timestamp="21 Sep 2021 08:29:48 GMT">
  <testcase classname="site.ycsb.TestNumericByteIterator" name="testDouble" time="0.001"/>
  <testcase classname="site.ycsb.TestNumericByteIterator" name="testLong" time="0.000"/>
</testsuite>
